<?xml version="1.0" encoding="UTF-8"?>
<!-- Generated by org.testng.reporters.JUnitReportReporter -->
<testsuite hostname="ANA-PC" name="tim9.Selenium.profileAdmin.TestRejectClerk" tests="1" failures="0" timestamp="24 Jan 2017 21:47:39 GMT" time="21.958" errors="0">
  <testcase name="testRejectClerk" time="21.958" classname="tim9.Selenium.profileAdmin.TestRejectClerk"/>
</testsuite> <!-- tim9.Selenium.profileAdmin.TestRejectClerk -->
