<?xml version="1.0" encoding="UTF-8"?>
<!-- Generated by org.testng.reporters.JUnitReportReporter -->
<testsuite hostname="DESKTOP-K711I66" name="tim9.Selenium.ProfileAdminPageTest" tests="1" failures="0" timestamp="15 Jan 2017 21:51:10 GMT" time="17.130" errors="0">
  <testcase name="testAcceptRejectReportedAdver" time="17.130" classname="tim9.Selenium.ProfileAdminPageTest"/>
</testsuite> <!-- tim9.Selenium.ProfileAdminPageTest -->
