<?xml version="1.0" encoding="UTF-8"?>
<!-- Generated by org.testng.reporters.JUnitReportReporter -->
<testsuite hostname="ANA-PC" name="tim9.Selenium.advertisement.AdvertisementPage" tests="1" failures="0" timestamp="15 Jan 2017 13:58:37 GMT" time="5.190" errors="0">
  <testcase name="test" time="5.190" classname="tim9.Selenium.advertisement.AdvertisementPage"/>
</testsuite> <!-- tim9.Selenium.advertisement.AdvertisementPage -->
