<?xml version="1.0" encoding="UTF-8"?>
<!-- Generated by org.testng.reporters.JUnitReportReporter -->
<testsuite hostname="ANA-PC" name="tim9.Selenium.LoginPageTest" tests="2" failures="0" timestamp="24 Jan 2017 19:42:35 GMT" time="24.827" errors="0">
  <testcase name="testLogOut" time="17.740" classname="tim9.Selenium.LoginPageTest"/>
  <testcase name="testLogIn" time="7.087" classname="tim9.Selenium.LoginPageTest"/>
</testsuite> <!-- tim9.Selenium.LoginPageTest -->
