<?xml version="1.0" encoding="UTF-8"?>
<!-- Generated by org.testng.reporters.JUnitReportReporter -->
<testsuite hostname="ANA-PC" name="tim9.Selenium.MainTest" tests="1" failures="0" timestamp="14 Jan 2017 18:14:47 GMT" time="5.278" errors="0">
  <testcase name="test" time="5.278" classname="tim9.Selenium.MainTest"/>
</testsuite> <!-- tim9.Selenium.MainTest -->
