<?xml version="1.0" encoding="UTF-8"?>
<!-- Generated by org.testng.reporters.JUnitReportReporter -->
<testsuite hostname="ANA-PC" name="tim9.Selenium.advertisement.TestReport" tests="1" failures="0" timestamp="24 Jan 2017 20:28:39 GMT" time="86.320" errors="0">
  <testcase name="testReport" time="86.320" classname="tim9.Selenium.advertisement.TestReport"/>
</testsuite> <!-- tim9.Selenium.advertisement.TestReport -->
