<?xml version="1.0" encoding="UTF-8"?>
<!-- Generated by org.testng.reporters.JUnitReportReporter -->
<testsuite hostname="ANA-PC" name="tim9.Selenium.RegistratePageTest" tests="2" failures="0" timestamp="24 Jan 2017 19:48:01 GMT" time="22.287" errors="0">
  <testcase name="testRegistrateUser" time="10.067" classname="tim9.Selenium.RegistratePageTest"/>
  <testcase name="testRegistrateClerk" time="12.220" classname="tim9.Selenium.RegistratePageTest"/>
</testsuite> <!-- tim9.Selenium.RegistratePageTest -->
