<?xml version="1.0" encoding="UTF-8"?>
<!-- Generated by org.testng.reporters.JUnitReportReporter -->
<testsuite hostname="ANA-PC" name="tim9.Selenium.ProfileUserPageTest" tests="1" failures="0" timestamp="24 Jan 2017 20:31:36 GMT" time="102.278" errors="0">
  <testcase name="testAskToJoin" time="102.278" classname="tim9.Selenium.ProfileUserPageTest"/>
</testsuite> <!-- tim9.Selenium.ProfileUserPageTest -->
