<?xml version="1.0" encoding="UTF-8"?>
<!-- Generated by org.testng.reporters.JUnitReportReporter -->
<testsuite hostname="ANA-PC" name="tim9.Selenium.profileClerk.TestUpdateAdvertisement" tests="1" failures="0" timestamp="24 Jan 2017 21:52:34 GMT" time="68.047" errors="0">
  <testcase name="testUpdateAdver" time="68.047" classname="tim9.Selenium.profileClerk.TestUpdateAdvertisement"/>
</testsuite> <!-- tim9.Selenium.profileClerk.TestUpdateAdvertisement -->
