<?xml version="1.0" encoding="UTF-8"?>
<!-- Generated by org.testng.reporters.JUnitReportReporter -->
<testsuite hostname="DESKTOP-K711I66" name="tim9.Selenium.ProfileClerkPageTest" tests="1" failures="0" timestamp="23 Jan 2017 00:34:26 GMT" time="49.373" errors="0">
  <testcase name="testRemoveAdver" time="49.373" classname="tim9.Selenium.ProfileClerkPageTest"/>
</testsuite> <!-- tim9.Selenium.ProfileClerkPageTest -->
