<?xml version="1.0" encoding="UTF-8"?>
<!-- Generated by org.testng.reporters.JUnitReportReporter -->
<testsuite hostname="ANA-PC" name="tim9.Selenium.AdvertisementPage" tests="1" failures="0" timestamp="15 Jan 2017 13:28:13 GMT" time="6.050" errors="0">
  <testcase name="test" time="6.050" classname="tim9.Selenium.AdvertisementPage"/>
</testsuite> <!-- tim9.Selenium.AdvertisementPage -->
