<?xml version="1.0" encoding="UTF-8"?>
<!-- Generated by org.testng.reporters.JUnitReportReporter -->
<testsuite hostname="DESKTOP-K711I66" name="tim9.Selenium.ProfileVerifierTest" tests="1" failures="0" timestamp="15 Jan 2017 21:21:26 GMT" time="38.128" errors="0">
  <testcase name="testAcceptRejectReportedAdver" time="38.128" classname="tim9.Selenium.ProfileVerifierTest"/>
</testsuite> <!-- tim9.Selenium.ProfileVerifierTest -->
