<?xml version="1.0" encoding="UTF-8"?>
<!-- Generated by org.testng.reporters.JUnitReportReporter -->
<testsuite hostname="ANA-PC" name="tim9.Selenium.SellPageTest" tests="1" failures="0" timestamp="24 Jan 2017 20:03:12 GMT" time="72.158" errors="0">
  <testcase name="testSellPage" time="72.158" classname="tim9.Selenium.SellPageTest"/>
</testsuite> <!-- tim9.Selenium.SellPageTest -->
