<?xml version="1.0" encoding="UTF-8"?>
<!-- Generated by org.testng.reporters.JUnitReportReporter -->
<testsuite hostname="ANA-PC" name="tim9.Selenium.profileClerk.TestRejectUserRequest" tests="1" failures="0" timestamp="24 Jan 2017 20:54:03 GMT" time="71.297" errors="0">
  <testcase name="testRejectUserRequest" time="71.297" classname="tim9.Selenium.profileClerk.TestRejectUserRequest"/>
</testsuite> <!-- tim9.Selenium.profileClerk.TestRejectUserRequest -->
