<?xml version="1.0" encoding="UTF-8"?>
<!-- Generated by org.testng.reporters.JUnitReportReporter -->
<testsuite hostname="DESKTOP-K711I66" name="tim9.Selenium.profileClerk.TestAcceptUserRequest" tests="1" failures="0" timestamp="23 Jan 2017 01:00:50 GMT" time="21.829" errors="0">
  <testcase name="testAcceptUserRequest" time="21.829" classname="tim9.Selenium.profileClerk.TestAcceptUserRequest"/>
</testsuite> <!-- tim9.Selenium.profileClerk.TestAcceptUserRequest -->
