<?xml version="1.0" encoding="UTF-8"?>
<!-- Generated by org.testng.reporters.JUnitReportReporter -->
<testsuite hostname="ANA-PC" name="tim9.Selenium.profileVeifier.TestRejectInappropriate" tests="1" failures="0" timestamp="24 Jan 2017 22:42:50 GMT" time="70.750" errors="0">
  <testcase name="testRejectAdverRequest" time="70.750" classname="tim9.Selenium.profileVeifier.TestRejectInappropriate"/>
</testsuite> <!-- tim9.Selenium.profileVeifier.TestRejectInappropriate -->
