<?xml version="1.0" encoding="UTF-8"?>
<!-- Generated by org.testng.reporters.JUnitReportReporter -->
<testsuite hostname="ANA-PC" name="tim9.Selenium.profileAdmin.TestAcceptClerk" tests="1" failures="0" timestamp="24 Jan 2017 21:19:11 GMT" time="38.996" errors="0">
  <testcase name="testAcceptClerk" time="38.996" classname="tim9.Selenium.profileAdmin.TestAcceptClerk"/>
</testsuite> <!-- tim9.Selenium.profileAdmin.TestAcceptClerk -->
