<?xml version="1.0" encoding="UTF-8"?>
<!-- Generated by org.testng.reporters.JUnitReportReporter -->
<testsuite hostname="ANA-PC" name="tim9.Selenium.advertisement.TestFilterAdvertisements" tests="1" failures="0" timestamp="24 Jan 2017 19:51:28 GMT" time="29.547" errors="0">
  <testcase name="testFilter" time="29.547" classname="tim9.Selenium.advertisement.TestFilterAdvertisements"/>
</testsuite> <!-- tim9.Selenium.advertisement.TestFilterAdvertisements -->
