<?xml version="1.0" encoding="UTF-8"?>
<!-- Generated by org.testng.reporters.JUnitReportReporter -->
<testsuite hostname="ANA-PC" name="tim9.Selenium.profileVeifier.TestAcceptInappropriate" tests="1" failures="0" timestamp="24 Jan 2017 22:41:33 GMT" time="70.887" errors="0">
  <testcase name="testAcceptInappropriateRequest" time="70.887" classname="tim9.Selenium.profileVeifier.TestAcceptInappropriate"/>
</testsuite> <!-- tim9.Selenium.profileVeifier.TestAcceptInappropriate -->
