<?xml version="1.0" encoding="UTF-8"?>
<!-- Generated by org.testng.reporters.JUnitReportReporter -->
<testsuite hostname="ANA-PC" name="tim9.Selenium.profileAdmin.TestRegisterVerifier" tests="1" failures="0" timestamp="24 Jan 2017 20:58:02 GMT" time="29.691" errors="0">
  <testcase name="testRegisterVerifier" time="29.691" classname="tim9.Selenium.profileAdmin.TestRegisterVerifier"/>
</testsuite> <!-- tim9.Selenium.profileAdmin.TestRegisterVerifier -->
