<?xml version="1.0" encoding="UTF-8"?>
<!-- Generated by org.testng.reporters.JUnitReportReporter -->
<testsuite hostname="ANA-PC" name="tim9.Selenium.advertisement.TestRate" tests="1" failures="0" timestamp="24 Jan 2017 20:27:06 GMT" time="18.842" errors="0">
  <testcase name="testRate" time="18.842" classname="tim9.Selenium.advertisement.TestRate"/>
</testsuite> <!-- tim9.Selenium.advertisement.TestRate -->
