<?xml version="1.0" encoding="UTF-8"?>
<!-- Generated by org.testng.reporters.JUnitReportReporter -->
<testsuite hostname="ANA-PC" name="tim9.Selenium.advertisement.TestComment" tests="1" failures="0" timestamp="24 Jan 2017 20:10:35 GMT" time="19.456" errors="0">
  <testcase name="testComment" time="19.456" classname="tim9.Selenium.advertisement.TestComment"/>
</testsuite> <!-- tim9.Selenium.advertisement.TestComment -->
