<?xml version="1.0" encoding="UTF-8"?>
<!-- Generated by org.testng.reporters.JUnitReportReporter -->
<testsuite hostname="ANA-PC" name="tim9.Selenium.profileClerk.TestUpdateProfileData" tests="1" failures="0" timestamp="24 Jan 2017 20:35:59 GMT" time="72.210" errors="0">
  <testcase name="testUpdateProfileData" time="72.210" classname="tim9.Selenium.profileClerk.TestUpdateProfileData"/>
</testsuite> <!-- tim9.Selenium.profileClerk.TestUpdateProfileData -->
