<?xml version="1.0" encoding="UTF-8"?>
<!-- Generated by org.testng.reporters.JUnitReportReporter -->
<testsuite hostname="DESKTOP-K711I66" name="tim9.Selenium.ProfileVerifierPageTest" tests="1" failures="0" timestamp="15 Jan 2017 21:43:21 GMT" time="18.929" errors="0">
  <testcase name="testAcceptRejectReportedAdver" time="18.929" classname="tim9.Selenium.ProfileVerifierPageTest"/>
</testsuite> <!-- tim9.Selenium.ProfileVerifierPageTest -->
