<?xml version="1.0" encoding="UTF-8"?>
<!-- Generated by org.testng.reporters.JUnitReportReporter -->
<testsuite hostname="ANA-PC" name="tim9.Selenium.profileClerk.TestRemoveAdvertisement" tests="1" failures="0" timestamp="24 Jan 2017 20:36:47 GMT" time="17.414" errors="0">
  <testcase name="testRemoveAdvertisement" time="17.414" classname="tim9.Selenium.profileClerk.TestRemoveAdvertisement"/>
</testsuite> <!-- tim9.Selenium.profileClerk.TestRemoveAdvertisement -->
